{"C:\\Users\\Lars\\Desktop\\KEA-TDD\\task-1\\task-1.js": {"path":"C:\\Users\\Lars\\Desktop\\KEA-TDD\\task-1\\task-1.js","statementMap":{"0":{"start":{"line":2,"column":2},"end":{"line":2,"column":15}}},"fnMap":{"0":{"name":"sum","decl":{"start":{"line":1,"column":24},"end":{"line":1,"column":27}},"loc":{"start":{"line":1,"column":34},"end":{"line":3,"column":1}},"line":1}},"branchMap":{},"s":{"0":1},"f":{"0":1},"b":{},"_coverageSchema":"1a1c01bbd47fc00a2c39e90264f33305004495a9","hash":"1a1dd6cac441b9083755f2bcd9ccb0d29f0ae9f1"}
}
