{"C:\\Users\\Lars\\Desktop\\KEA-TDD\\util-1\\util-1.js": {"path":"C:\\Users\\Lars\\Desktop\\KEA-TDD\\util-1\\util-1.js","statementMap":{"0":{"start":{"line":2,"column":2},"end":{"line":2,"column":15}}},"fnMap":{"0":{"name":"sum","decl":{"start":{"line":1,"column":24},"end":{"line":1,"column":27}},"loc":{"start":{"line":1,"column":34},"end":{"line":3,"column":1}},"line":1}},"branchMap":{},"s":{"0":1},"f":{"0":1},"b":{},"_coverageSchema":"1a1c01bbd47fc00a2c39e90264f33305004495a9","hash":"0905ddb4b2ca7de2c017ed9ad86cf46ad4aedb0d"}
,"C:\\Users\\Lars\\Desktop\\KEA-TDD\\util-2\\util-2.js": {"path":"C:\\Users\\Lars\\Desktop\\KEA-TDD\\util-2\\util-2.js","statementMap":{"0":{"start":{"line":2,"column":2},"end":{"line":2,"column":43}}},"fnMap":{"0":{"name":"percentage","decl":{"start":{"line":1,"column":24},"end":{"line":1,"column":34}},"loc":{"start":{"line":1,"column":61},"end":{"line":3,"column":1}},"line":1}},"branchMap":{},"s":{"0":1},"f":{"0":1},"b":{},"_coverageSchema":"1a1c01bbd47fc00a2c39e90264f33305004495a9","hash":"f908ad4487ee6baa4cd93edeb17e90ccde335c78"}
,"C:\\Users\\Lars\\Desktop\\KEA-TDD\\util-3\\mockData.js": {"path":"C:\\Users\\Lars\\Desktop\\KEA-TDD\\util-3\\mockData.js","statementMap":{"0":{"start":{"line":2,"column":17},"end":{"line":71,"column":1}}},"fnMap":{},"branchMap":{},"s":{"0":1},"f":{},"b":{},"_coverageSchema":"1a1c01bbd47fc00a2c39e90264f33305004495a9","hash":"8dd729da3dd9596117f8fd6b816d62237f84e497"}
,"C:\\Users\\Lars\\Desktop\\KEA-TDD\\util-3\\util-3.js": {"path":"C:\\Users\\Lars\\Desktop\\KEA-TDD\\util-3\\util-3.js","statementMap":{"0":{"start":{"line":4,"column":17},"end":{"line":16,"column":4}},"1":{"start":{"line":5,"column":4},"end":{"line":8,"column":5}},"2":{"start":{"line":7,"column":6},"end":{"line":7,"column":15}},"3":{"start":{"line":9,"column":4},"end":{"line":12,"column":5}},"4":{"start":{"line":11,"column":6},"end":{"line":11,"column":16}},"5":{"start":{"line":15,"column":4},"end":{"line":15,"column":13}},"6":{"start":{"line":19,"column":2},"end":{"line":19,"column":19}}},"fnMap":{"0":{"name":"commentHandler","decl":{"start":{"line":1,"column":24},"end":{"line":1,"column":38}},"loc":{"start":{"line":1,"column":49},"end":{"line":20,"column":1}},"line":1},"1":{"name":"(anonymous_1)","decl":{"start":{"line":4,"column":31},"end":{"line":4,"column":32}},"loc":{"start":{"line":4,"column":60},"end":{"line":16,"column":3}},"line":4}},"branchMap":{"0":{"loc":{"start":{"line":5,"column":4},"end":{"line":8,"column":5}},"type":"if","locations":[{"start":{"line":5,"column":4},"end":{"line":8,"column":5}},{"start":{},"end":{}}],"line":5},"1":{"loc":{"start":{"line":9,"column":4},"end":{"line":12,"column":5}},"type":"if","locations":[{"start":{"line":9,"column":4},"end":{"line":12,"column":5}},{"start":{},"end":{}}],"line":9}},"s":{"0":1,"1":23,"2":9,"3":14,"4":12,"5":2,"6":1},"f":{"0":1,"1":23},"b":{"0":[9,14],"1":[12,2]},"_coverageSchema":"1a1c01bbd47fc00a2c39e90264f33305004495a9","hash":"f04ec52b2ac3640ec0813c81b886dee440c247e1"}
}
