TN:
SF:util-1\util-1.js
FN:1,sum
FNF:1
FNH:0
FNDA:0,sum
DA:2,0
LF:1
LH:0
BRF:0
BRH:0
end_of_record
TN:
SF:util-2\data.js
FNF:0
FNH:0
DA:2,0
LF:1
LH:0
BRF:0
BRH:0
end_of_record
TN:
SF:util-2\util-2.js
FN:3,commentHandler
FN:6,(anonymous_1)
FNF:2
FNH:0
FNDA:0,commentHandler
FNDA:0,(anonymous_1)
DA:6,0
DA:7,0
DA:9,0
DA:11,0
DA:13,0
DA:17,0
DA:21,0
DA:24,0
LF:8
LH:0
BRDA:7,0,0,0
BRDA:7,0,1,0
BRDA:11,1,0,0
BRDA:11,1,1,0
BRF:4
BRH:0
end_of_record
TN:
SF:util-3\util-3.js
FN:1,PLACEHOLDER
FNF:1
FNH:0
FNDA:0,PLACEHOLDER
LF:0
LH:0
BRF:0
BRH:0
end_of_record
