TN:
SF:util-1\util-1.js
FN:1,sum
FNF:1
FNH:1
FNDA:1,sum
DA:2,1
LF:1
LH:1
BRF:0
BRH:0
end_of_record
TN:
SF:util-2\util-2.js
FN:1,percentage
FNF:1
FNH:1
FNDA:1,percentage
DA:2,1
LF:1
LH:1
BRF:0
BRH:0
end_of_record
TN:
SF:util-3\mockData.js
FNF:0
FNH:0
DA:2,1
LF:1
LH:1
BRF:0
BRH:0
end_of_record
TN:
SF:util-3\util-3.js
FN:1,commentHandler
FN:4,(anonymous_1)
FNF:2
FNH:2
FNDA:1,commentHandler
FNDA:23,(anonymous_1)
DA:4,1
DA:5,23
DA:7,9
DA:9,14
DA:11,12
DA:15,2
DA:19,1
LF:7
LH:7
BRDA:5,0,0,9
BRDA:5,0,1,14
BRDA:9,1,0,12
BRDA:9,1,1,2
BRF:4
BRH:4
end_of_record
